Perngant/proguard/seeds.txt
android.support.v4.app.BackStackState
android.support.v4.app.BackStackState: android.os.Parcelable$Creator CREATOR
android.support.v4.app.Fragment$SavedState
android.support.v4.app.Fragment$SavedState: android.os.Parcelable$Creator CREATOR
android.support.v4.app.FragmentActivity
android.support.v4.app.FragmentManagerState
android.support.v4.app.FragmentManagerState: android.os.Parcelable$Creator CREATOR
android.support.v4.app.FragmentState
android.support.v4.app.FragmentState: android.os.Parcelable$Creator CREATOR
android.support.v4.app.FragmentTabHost
android.support.v4.app.FragmentTabHost: FragmentTabHost(android.content.Context,android.util.AttributeSet)
android.support.v4.app.FragmentTabHost$SavedState
android.support.v4.app.FragmentTabHost$SavedState: android.os.Parcelable$Creator CREATOR
android.support.v4.content.FileProvider
android.support.v4.content.ModernAsyncTask$Status: android.support.v4.content.ModernAsyncTask$Status[] values()
android.support.v4.content.ModernAsyncTask$Status: android.support.v4.content.ModernAsyncTask$Status valueOf(java.lang.String)
android.support.v4.view.PagerTabStrip
android.support.v4.view.PagerTabStrip: PagerTabStrip(android.content.Context,android.util.AttributeSet)
android.support.v4.view.PagerTitleStrip
android.support.v4.view.PagerTitleStrip: PagerTitleStrip(android.content.Context,android.util.AttributeSet)
android.support.v4.view.ViewPager
android.support.v4.view.ViewPager: ViewPager(android.content.Context,android.util.AttributeSet)
android.support.v4.view.ViewPager$LayoutParams
android.support.v4.view.ViewPager$LayoutParams: ViewPager$LayoutParams(android.content.Context,android.util.AttributeSet)
android.support.v4.view.ViewPager$SavedState
android.support.v4.view.ViewPager$SavedState: android.os.Parcelable$Creator CREATOR
android.support.v4.widget.DrawerLayout
android.support.v4.widget.DrawerLayout: DrawerLayout(android.content.Context,android.util.AttributeSet)
android.support.v4.widget.DrawerLayout: DrawerLayout(android.content.Context,android.util.AttributeSet,int)
android.support.v4.widget.DrawerLayout$LayoutParams
android.support.v4.widget.DrawerLayout$LayoutParams: DrawerLayout$LayoutParams(android.content.Context,android.util.AttributeSet)
android.support.v4.widget.DrawerLayout$SavedState
android.support.v4.widget.DrawerLayout$SavedState: android.os.Parcelable$Creator CREATOR
android.support.v4.widget.SlidingPaneLayout
android.support.v4.widget.SlidingPaneLayout: SlidingPaneLayout(android.content.Context,android.util.AttributeSet)
android.support.v4.widget.SlidingPaneLayout: SlidingPaneLayout(android.content.Context,android.util.AttributeSet,int)
android.support.v4.widget.SlidingPaneLayout$LayoutParams
android.support.v4.widget.SlidingPaneLayout$LayoutParams: SlidingPaneLayout$LayoutParams(android.content.Context,android.util.AttributeSet)
android.support.v4.widget.SlidingPaneLayout$SavedState
android.support.v4.widget.SlidingPaneLayout$SavedState: android.os.Parcelable$Creator CREATOR
com.junyi.perngant.AlarmAlert
com.junyi.perngant.AlarmAlert: AlarmAlert()
com.junyi.perngant.AnalysisActivity
com.junyi.perngant.AnalysisActivity: AnalysisActivity()
com.junyi.perngant.CanlendarActivity
com.junyi.perngant.CanlendarActivity: CanlendarActivity()
com.junyi.perngant.FirstMainActivity
com.junyi.perngant.FirstMainActivity: FirstMainActivity()
com.junyi.perngant.InitSetActivity
com.junyi.perngant.InitSetActivity: InitSetActivity()
com.junyi.perngant.InitSetActivity: void onClick(android.view.View)
com.junyi.perngant.LineActivity
com.junyi.perngant.LineActivity: LineActivity()
com.junyi.perngant.MyFileManager
com.junyi.perngant.MyFileManager: MyFileManager()