Perngant/proguard/mapping.txt
com.junyi.perngant.SettingActivity$1$5 -> com.junyi.perngant.bq:
    com.junyi.perngant.SettingActivity$1 this$1 -> a
    android.widget.EditText val$editmin -> b
    void onClick(android.view.View) -> onClick
com.junyi.perngant.SettingActivity$1$6 -> com.junyi.perngant.br:
    com.junyi.perngant.SettingActivity$1 this$1 -> a
    android.widget.EditText val$editmin -> b
    void onClick(android.view.View) -> onClick
com.junyi.perngant.SettingActivity$1$7 -> com.junyi.perngant.bs:
    com.junyi.perngant.SettingActivity$1 this$1 -> a
    android.widget.EditText val$edittag -> b
    void onClick(android.view.View) -> onClick
com.junyi.perngant.SettingActivity$2 -> com.junyi.perngant.bt:
    com.junyi.perngant.SettingActivity this$0 -> a
    void onClick(android.view.View) -> onClick
com.junyi.perngant.SettingActivity$2$1 -> com.junyi.perngant.bu:
    com.junyi.perngant.SettingActivity$2 this$1 -> a
    void onClick(android.view.View) -> onClick
com.junyi.perngant.SettingActivity$2$2 -> com.junyi.perngant.bv:
    com.junyi.perngant.SettingActivity$2 this$1 -> a
    void onClick(android.view.View) -> onClick
com.junyi.perngant.SettingActivity$3 -> com.junyi.perngant.bw:
    com.junyi.perngant.SettingActivity this$0 -> a
    void onClick(android.view.View) -> onClick
com.junyi.perngant.SettingActivity$4 -> com.junyi.perngant.bx:
    com.junyi.perngant.SettingActivity this$0 -> a
    void onClick(android.view.View) -> onClick
com.junyi.perngant.SettingActivity$5 -> com.junyi.perngant.by:
    com.junyi.perngant.SettingActivity this$0 -> a
    void onClick(android.view.View) -> onClick
com.junyi.perngant.StartActivity -> com.junyi.perngant.StartActivity:
    com.junyi.perngant.MyScrollLayout mScrollLayout -> b
    android.widget.ImageView[] imgs -> c
    int count -> d
    int currentItem -> e
    android.widget.Button startBtn -> f
    android.widget.RelativeLayout mainRLayout -> g
    android.widget.LinearLayout pointLLayout -> h
    android.widget.LinearLayout leftLayout -> i
    android.widget.LinearLayout rightLayout -> j
    android.widget.LinearLayout animLayout -> k
    boolean isFirst -> l
    java.lang.String LOG_TAG -> m
    com.umeng.update.UmengUpdateListener updateListener -> a
    android.view.View$OnClickListener onClick -> n
    void onCreate(android.os.Bundle) -> onCreate
    void showDownEnd(int) -> b
    void OnViewChange(int) -> a
    void onResume() -> onResume
    void onPause() -> onPause
    void onDestroy() -> onDestroy
    com.junyi.perngant.MyScrollLayout access$0(com.junyi.perngant.StartActivity) -> a
    android.widget.LinearLayout access$1(com.junyi.perngant.StartActivity) -> b
    android.widget.LinearLayout access$2(com.junyi.perngant.StartActivity) -> c
    android.widget.RelativeLayout access$3(com.junyi.perngant.StartActivity) -> d
    android.widget.LinearLayout access$4(com.junyi.perngant.StartActivity) -> e
    android.widget.LinearLayout access$5(com.junyi.perngant.StartActivity) -> f
    boolean access$6(com.junyi.perngant.StartActivity) -> g
    java.lang.String access$7() -> a
com.junyi.perngant.StartActivity$1 -> com.junyi.perngant.bz:
    com.junyi.perngant.StartActivity this$0 -> a
    void onUpdateReturned(int,com.umeng.update.UpdateResponse) -> a
com.junyi.perngant.StartActivity$2 -> com.junyi.perngant.ca:
    com.junyi.perngant.StartActivity this$0 -> a
    void onClick(android.view.View) -> onClick
    com.junyi.perngant.StartActivity access$0(com.junyi.perngant.StartActivity$2) -> a
com.junyi.perngant.StartActivity$2$1 -> com.junyi.perngant.cb:
    com.junyi.perngant.StartActivity$2 this$1 -> a
    void onAnimationStart(android.view.animation.Animation) -> onAnimationStart
    void onAnimationRepeat(android.view.animation.Animation) -> onAnimationRepeat
    void onAnimationEnd(android.view.animation.Animation) -> onAnimationEnd