Perngant/proguard/usage.txt
jxl.write.Colour
jxl.write.DateFormats:
    27:32:public DateFormats()
jxl.write.DateFormats$BuiltInFormat:
    103:103:public java.lang.String getFormatString()
jxl.write.DateTime
jxl.write.Font
jxl.write.Formula
jxl.write.Label:
    41:42:public Label(int,int,java.lang.String)
    68:69:protected Label(int,int,jxl.write.Label)
    79:80:public Label(jxl.LabelCell)
    89:90:public void setString(java.lang.String)
    101:101:public jxl.write.WritableCell copyTo(int,int)
jxl.write.Number:
    42:43:public Number(int,int,double)
    69:70:public Number(jxl.NumberCell)
    79:80:public void setValue(double)
    91:92:protected Number(int,int,jxl.write.Number)
    103:103:public jxl.write.WritableCell copyTo(int,int)
jxl.write.NumberFormat
jxl.write.NumberFormats:
    28:33:public NumberFormats()
jxl.write.NumberFormats$BuiltInFormat:
    104:104:public java.lang.String getFormatString()
jxl.write.Pattern
jxl.write.VerticalAlignment
jxl.write.WritableCell:
    public abstract jxl.write.WritableCell copyTo(int,int)
jxl.write.WritableCellFeatures:
    64:65:public WritableCellFeatures(jxl.CellFeatures)
    74:75:public void setComment(java.lang.String)
    87:88:public void setComment(java.lang.String,double,double)
    116:117:public void setDataValidationList(java.util.Collection)
    129:130:public void setDataValidationRange(int,int,int,int)
    141:142:public void setDataValidationRange(java.lang.String)
    153:154:public void setNumberValidation(double,jxl.biff.BaseCellFeatures$ValidationCondition)
    167:168:public void setNumberValidation(double,double,jxl.biff.BaseCellFeatures$ValidationCondition)
jxl.write.WritableCellFormat:
    96:97:public WritableCellFormat(jxl.format.CellFormat)
    107:108:public void setAlignment(jxl.format.Alignment)
    118:119:public void setVerticalAlignment(jxl.format.VerticalAlignment)
    129:130:public void setOrientation(jxl.format.Orientation)
    142:143:public void setWrap(boolean)
    154:155:public void setBorder(jxl.format.Border,jxl.format.BorderLineStyle)
    179:180:public void setBackground(jxl.format.Colour)
    191:192:public void setBackground(jxl.format.Colour,jxl.format.Pattern)
    202:203:public void setShrinkToFit(boolean)
    212:213:public void setIndentation(int)
    226:227:public void setLocked(boolean)
jxl.write.WritableFont:
    public static final int DEFAULT_POINT_SIZE
    149:153:public WritableFont(jxl.write.WritableFont$FontName,int)
    164:168:public WritableFont(jxl.write.WritableFont$FontName,int,jxl.write.WritableFont$BoldStyle)
    181:185:public WritableFont(jxl.write.WritableFont$FontName,int,jxl.write.WritableFont$BoldStyle,boolean)
    203:204:public WritableFont(jxl.write.WritableFont$FontName,int,jxl.write.WritableFont$BoldStyle,boolean,jxl.format.UnderlineStyle)
    263:264:public void setPointSize(int)
    274:275:public void setBoldStyle(jxl.write.WritableFont$BoldStyle)
    286:287:public void setItalic(boolean)
    298:299:public void setUnderlineStyle(jxl.format.UnderlineStyle)
    310:311:public void setColour(jxl.format.Colour)
    322:323:public void setScriptStyle(jxl.format.ScriptStyle)
    344:345:public void setStruckout(boolean)
    357:357:public static jxl.write.WritableFont$FontName createFont(java.lang.String)